2025-07-10 23:50:10 INFO: MyDownloader v1.0 uygulaması açıldı.
2025-07-10 23:50:29 INFO: MyDownloader v1.0 uygulaması açıldı.
2025-07-10 23:50:31 INFO: Requests modülü yükleniyor...
2025-07-10 23:50:31 INFO: MyDownloader v1.0 uygulaması açıldı.
2025-07-10 23:50:38 INFO: MyDownloader v1.0 uygulaması kapatıldı.
2025-07-10 23:50:40 INFO: Requests modülü başarıyla yüklendi.
2025-07-10 23:50:40 INFO: MyDownloader v1.0 uygulaması kapatıldı.
2025-07-10 23:50:42 INFO: MyDownloader v1.0 uygulaması açıldı.
2025-07-10 23:51:15 INFO: MyDownloader v1.0 uygulaması kapatıldı.
2025-07-10 23:51:17 INFO: MyDownloader v1.0 uygulaması açıldı.
2025-07-10 23:51:18 INFO: MyDownloader v1.0 uygulaması kapatıldı.
2025-07-10 23:51:28 INFO: MyDownloader v1.0 uygulaması açıldı.
2025-07-10 23:51:37 WARNING: URL veya dosya adı boş bırakıldı.
2025-07-10 23:51:51 INFO: MyDownloader v1.0 uygulaması kapatıldı.
2025-07-10 23:52:01 INFO: MyDownloader v1.0 uygulaması açıldı.
2025-07-10 23:52:13 INFO: MyDownloader v1.0 uygulaması kapatıldı.
2025-07-10 23:52:37 INFO: MyDownloader v1.0 uygulaması açıldı.
2025-07-10 23:52:41 ERROR: Uygulama verisi bozuk!
2025-07-10 23:52:41 INFO: MyDownloader v1.0 uygulaması kapatıldı.
2025-07-10 23:52:44 INFO: MyDownloader v1.0 uygulaması açıldı.
2025-07-10 23:52:47 INFO: Requests modülü yükleniyor...
2025-07-10 23:52:47 INFO: MyDownloader v1.0 uygulaması açıldı.
2025-07-10 23:52:51 INFO: MyDownloader v1.0 uygulaması kapatıldı.
2025-07-10 23:52:52 INFO: Requests modülü başarıyla yüklendi.
2025-07-10 23:52:52 INFO: MyDownloader v1.0 uygulaması kapatıldı.
2025-07-10 23:52:54 INFO: MyDownloader v1.0 uygulaması açıldı.
2025-07-10 23:53:25 INFO: MyDownloader v1.0 uygulaması kapatıldı.
2025-07-10 23:54:18 INFO: MyDownloader v1.0 uygulaması açıldı.
2025-07-10 23:54:20 INFO: MyDownloader v1.0 uygulaması kapatıldı.
